2017-08-15 17:36:30,971 [INFO] 27531 /home/desarrollo/Escritorio/src/apps/tvazteca/cabs/tracing/views.py startViewTracing - No: 18 :--- startViewTracing --- 
2017-08-15 17:36:38,617 [INFO] 27531 /home/desarrollo/Escritorio/src/apps/tvazteca/cabs/login/views.py evaluationLogin - No: 29 :--- evaluationLogin --- 
2017-08-15 17:37:01,519 [INFO] 27531 /home/desarrollo/Escritorio/src/apps/tvazteca/cabs/coding/query.py queryDetailsUser - No: 128 :--- CONSULTA SQL --- SELECT ID, NUMERO_EMPLEADO, NOMBRE AS NOMBRE, PERMISOS AS PERMISOS, ACTIVO AS ACTIVO, PERFIL AS PERFIL FROM USUARIOS_SOPORTE_CABS WHERE NUMERO_EMPLEADO = 60054274; 
2017-08-15 17:37:01,742 [INFO] 27531 /home/desarrollo/Escritorio/src/apps/tvazteca/cabs/coding/query.py queryInsertBinnacle - No: 191 :--- CONSULTA SQL INSERT --- INSERT INTO BIT_INVENT_TESTIGOS(ID, OPERACION, IP, ID_USUARIO, NAVEGADOR, SO, DATOS) VALUES ('150820171737010001', 1, '127.0.0.1', 1, 3, 6, ''); 
2017-08-15 17:37:01,925 [INFO] 27531 /home/desarrollo/Escritorio/src/apps/tvazteca/cabs/tracing/views.py startViewTracing - No: 18 :--- startViewTracing --- 
2017-08-15 17:37:02,222 [INFO] 27531 /home/desarrollo/Escritorio/src/apps/tvazteca/cabs/tracing/views.py dateTableTracingJSON - No: 28 :--- dateTableTracingJSON --- 
2017-08-15 17:37:02,225 [INFO] 27531 /home/desarrollo/Escritorio/src/apps/tvazteca/cabs/coding/query.py queyTableListWitness - No: 227 :--- CONSULTA SQL --- SELECT ROWNUM AS NO, ID_TESTIGO AS ID, NOMBRE_TESTIGO AS NOMBRE, TIPO_MUX AS MUX FROM LISTA_TESTIGOS WHERE GRUPO_TESTIGOS=21 OR GRUPO_TESTIGOS=22 OR GRUPO_TESTIGOS=23 OR GRUPO_TESTIGOS=24 OR GRUPO_TESTIGOS=25 OR GRUPO_TESTIGOS=26; 
2017-08-15 17:41:54,797 [INFO] 27531 /home/desarrollo/Escritorio/src/apps/tvazteca/cabs/reportwitness/views.py startReportWitness - No: 19 :--- startReportWitness --- 
2017-08-15 17:41:55,180 [INFO] 27531 /home/desarrollo/Escritorio/src/apps/tvazteca/cabs/coding/query.py queryTypeReport - No: 248 :--- CONSULTA SQL --- SELECT * FROM CAT_TIPO_REPORTE; 
2017-08-15 17:41:55,811 [INFO] 27531 /home/desarrollo/Escritorio/src/apps/tvazteca/cabs/coding/query.py queryDataWitness - No: 261 :--- CONSULTA SQL --- SELECT ID_TESTIGO, NOMBRE_TESTIGO, TIPO_MUX FROM LISTA_TESTIGOS WHERE ID_TESTIGO = 377; 
2017-08-15 17:42:39,358 [INFO] 27531 /home/desarrollo/Escritorio/src/apps/tvazteca/cabs/reportwitness/views.py startReportWitness - No: 19 :--- startReportWitness --- 
2017-08-15 17:42:39,360 [INFO] 27531 /home/desarrollo/Escritorio/src/apps/tvazteca/cabs/coding/query.py queryTypeReport - No: 248 :--- CONSULTA SQL --- SELECT * FROM CAT_TIPO_REPORTE; 
2017-08-15 17:42:39,414 [INFO] 27531 /home/desarrollo/Escritorio/src/apps/tvazteca/cabs/coding/query.py queryDataWitness - No: 261 :--- CONSULTA SQL --- SELECT ID_TESTIGO, NOMBRE_TESTIGO, TIPO_MUX FROM LISTA_TESTIGOS WHERE ID_TESTIGO = 377; 
2017-08-15 17:43:26,515 [INFO] 27531 /home/desarrollo/Escritorio/src/apps/tvazteca/cabs/reportwitness/views.py startReportWitness - No: 19 :--- startReportWitness --- 
2017-08-15 17:43:26,518 [INFO] 27531 /home/desarrollo/Escritorio/src/apps/tvazteca/cabs/coding/query.py queryTypeReport - No: 248 :--- CONSULTA SQL --- SELECT * FROM CAT_TIPO_REPORTE; 
2017-08-15 17:43:26,579 [INFO] 27531 /home/desarrollo/Escritorio/src/apps/tvazteca/cabs/coding/query.py queryDataWitness - No: 261 :--- CONSULTA SQL --- SELECT ID_TESTIGO, NOMBRE_TESTIGO, TIPO_MUX FROM LISTA_TESTIGOS WHERE ID_TESTIGO = 377; 
2017-08-15 17:43:34,753 [INFO] 27531 /home/desarrollo/Escritorio/src/apps/tvazteca/cabs/reportwitness/views.py startReportWitness - No: 19 :--- startReportWitness --- 
2017-08-15 17:43:34,755 [INFO] 27531 /home/desarrollo/Escritorio/src/apps/tvazteca/cabs/coding/query.py queryTypeReport - No: 248 :--- CONSULTA SQL --- SELECT * FROM CAT_TIPO_REPORTE; 
2017-08-15 17:43:34,817 [INFO] 27531 /home/desarrollo/Escritorio/src/apps/tvazteca/cabs/coding/query.py queryDataWitness - No: 261 :--- CONSULTA SQL --- SELECT ID_TESTIGO, NOMBRE_TESTIGO, TIPO_MUX FROM LISTA_TESTIGOS WHERE ID_TESTIGO = 377; 
2017-08-15 17:48:48,003 [INFO] 27531 /home/desarrollo/Escritorio/src/apps/tvazteca/cabs/reportwitness/views.py startReportWitness - No: 19 :--- startReportWitness --- 
2017-08-15 17:48:48,006 [INFO] 27531 /home/desarrollo/Escritorio/src/apps/tvazteca/cabs/coding/query.py queryTypeReport - No: 248 :--- CONSULTA SQL --- SELECT * FROM CAT_TIPO_REPORTE; 
2017-08-15 17:48:48,044 [INFO] 27531 /home/desarrollo/Escritorio/src/apps/tvazteca/cabs/coding/query.py queryDataWitness - No: 261 :--- CONSULTA SQL --- SELECT ID_TESTIGO, NOMBRE_TESTIGO, TIPO_MUX FROM LISTA_TESTIGOS WHERE ID_TESTIGO = 377; 
2017-08-15 18:02:19,312 [INFO] 27531 /home/desarrollo/Escritorio/src/apps/tvazteca/cabs/reportwitness/views.py startReportWitness - No: 19 :--- startReportWitness --- 
2017-08-15 18:02:19,314 [INFO] 27531 /home/desarrollo/Escritorio/src/apps/tvazteca/cabs/coding/query.py queryTypeReport - No: 248 :--- CONSULTA SQL --- SELECT * FROM CAT_TIPO_REPORTE; 
2017-08-15 18:03:24,772 [INFO] 27531 /home/desarrollo/Escritorio/src/apps/tvazteca/cabs/tracing/views.py startViewTracing - No: 18 :--- startViewTracing --- 
2017-08-15 18:03:25,162 [INFO] 27531 /home/desarrollo/Escritorio/src/apps/tvazteca/cabs/tracing/views.py dateTableTracingJSON - No: 28 :--- dateTableTracingJSON --- 
2017-08-15 18:03:25,164 [INFO] 27531 /home/desarrollo/Escritorio/src/apps/tvazteca/cabs/coding/query.py queyTableListWitness - No: 227 :--- CONSULTA SQL --- SELECT ROWNUM AS NO, ID_TESTIGO AS ID, NOMBRE_TESTIGO AS NOMBRE, TIPO_MUX AS MUX FROM LISTA_TESTIGOS WHERE GRUPO_TESTIGOS=21 OR GRUPO_TESTIGOS=22 OR GRUPO_TESTIGOS=23 OR GRUPO_TESTIGOS=24 OR GRUPO_TESTIGOS=25 OR GRUPO_TESTIGOS=26; 
2017-08-15 18:03:55,169 [INFO] 27531 /home/desarrollo/Escritorio/src/apps/tvazteca/cabs/tracing/views.py startViewTracing - No: 18 :--- startViewTracing --- 
2017-08-15 18:03:55,585 [INFO] 27531 /home/desarrollo/Escritorio/src/apps/tvazteca/cabs/tracing/views.py dateTableTracingJSON - No: 28 :--- dateTableTracingJSON --- 
2017-08-15 18:03:55,588 [INFO] 27531 /home/desarrollo/Escritorio/src/apps/tvazteca/cabs/coding/query.py queyTableListWitness - No: 227 :--- CONSULTA SQL --- SELECT ROWNUM AS NO, ID_TESTIGO AS ID, NOMBRE_TESTIGO AS NOMBRE, TIPO_MUX AS MUX FROM LISTA_TESTIGOS WHERE GRUPO_TESTIGOS=21 OR GRUPO_TESTIGOS=22 OR GRUPO_TESTIGOS=23 OR GRUPO_TESTIGOS=24 OR GRUPO_TESTIGOS=25 OR GRUPO_TESTIGOS=26; 
2017-08-15 18:04:20,395 [INFO] 27531 /home/desarrollo/Escritorio/src/apps/tvazteca/cabs/reportwitness/views.py startReportWitness - No: 19 :--- startReportWitness --- 
2017-08-15 18:04:20,398 [INFO] 27531 /home/desarrollo/Escritorio/src/apps/tvazteca/cabs/coding/query.py queryTypeReport - No: 248 :--- CONSULTA SQL --- SELECT * FROM CAT_TIPO_REPORTE; 
2017-08-15 18:04:20,449 [INFO] 27531 /home/desarrollo/Escritorio/src/apps/tvazteca/cabs/coding/query.py queryDataWitness - No: 261 :--- CONSULTA SQL --- SELECT ID_TESTIGO, NOMBRE_TESTIGO, TIPO_MUX FROM LISTA_TESTIGOS WHERE ID_TESTIGO = 377; 
2017-08-15 18:08:02,284 [INFO] 27531 /home/desarrollo/Escritorio/src/apps/tvazteca/cabs/reportwitness/views.py startReportWitness - No: 19 :--- startReportWitness --- 
2017-08-15 18:08:12,922 [INFO] 27531 /home/desarrollo/Escritorio/src/apps/tvazteca/cabs/login/views.py evaluationLogin - No: 29 :--- evaluationLogin --- 
2017-08-15 18:08:13,250 [INFO] 27531 /home/desarrollo/Escritorio/src/apps/tvazteca/cabs/coding/query.py queryDetailsUser - No: 128 :--- CONSULTA SQL --- SELECT ID, NUMERO_EMPLEADO, NOMBRE AS NOMBRE, PERMISOS AS PERMISOS, ACTIVO AS ACTIVO, PERFIL AS PERFIL FROM USUARIOS_SOPORTE_CABS WHERE NUMERO_EMPLEADO = 60054274; 
2017-08-15 18:08:13,288 [INFO] 27531 /home/desarrollo/Escritorio/src/apps/tvazteca/cabs/coding/query.py queryInsertBinnacle - No: 191 :--- CONSULTA SQL INSERT --- INSERT INTO BIT_INVENT_TESTIGOS(ID, OPERACION, IP, ID_USUARIO, NAVEGADOR, SO, DATOS) VALUES ('150820171808130001', 1, '127.0.0.1', 1, 3, 6, ''); 
2017-08-15 18:08:13,452 [INFO] 27531 /home/desarrollo/Escritorio/src/apps/tvazteca/cabs/tracing/views.py startViewTracing - No: 18 :--- startViewTracing --- 
2017-08-15 18:08:13,887 [INFO] 27531 /home/desarrollo/Escritorio/src/apps/tvazteca/cabs/tracing/views.py dateTableTracingJSON - No: 28 :--- dateTableTracingJSON --- 
2017-08-15 18:08:13,889 [INFO] 27531 /home/desarrollo/Escritorio/src/apps/tvazteca/cabs/coding/query.py queyTableListWitness - No: 227 :--- CONSULTA SQL --- SELECT ROWNUM AS NO, ID_TESTIGO AS ID, NOMBRE_TESTIGO AS NOMBRE, TIPO_MUX AS MUX FROM LISTA_TESTIGOS WHERE GRUPO_TESTIGOS=21 OR GRUPO_TESTIGOS=22 OR GRUPO_TESTIGOS=23 OR GRUPO_TESTIGOS=24 OR GRUPO_TESTIGOS=25 OR GRUPO_TESTIGOS=26; 
2017-08-15 18:08:16,698 [INFO] 27531 /home/desarrollo/Escritorio/src/apps/tvazteca/cabs/reportwitness/views.py startReportWitness - No: 19 :--- startReportWitness --- 
2017-08-15 18:08:16,702 [INFO] 27531 /home/desarrollo/Escritorio/src/apps/tvazteca/cabs/coding/query.py queryTypeReport - No: 248 :--- CONSULTA SQL --- SELECT * FROM CAT_TIPO_REPORTE; 
2017-08-15 18:08:16,775 [INFO] 27531 /home/desarrollo/Escritorio/src/apps/tvazteca/cabs/coding/query.py queryDataWitness - No: 261 :--- CONSULTA SQL --- SELECT ID_TESTIGO, NOMBRE_TESTIGO, TIPO_MUX FROM LISTA_TESTIGOS WHERE ID_TESTIGO = 377; 
2017-08-15 18:13:40,613 [INFO] 28024 /home/desarrollo/Escritorio/src/apps/tvazteca/cabs/reportwitness/views.py startReportWitness - No: 19 :--- startReportWitness --- 
2017-08-15 18:13:40,617 [INFO] 28024 /home/desarrollo/Escritorio/src/apps/tvazteca/cabs/coding/query.py queryTypeReport - No: 248 :--- CONSULTA SQL --- SELECT * FROM CAT_TIPO_REPORTE; 
2017-08-15 18:13:40,795 [INFO] 28024 /home/desarrollo/Escritorio/src/apps/tvazteca/cabs/coding/query.py queryDataWitness - No: 261 :--- CONSULTA SQL --- SELECT ID_TESTIGO, NOMBRE_TESTIGO, TIPO_MUX FROM LISTA_TESTIGOS WHERE ID_TESTIGO = 377; 
2017-08-15 18:13:56,412 [INFO] 28024 /home/desarrollo/Escritorio/src/apps/tvazteca/cabs/tracing/views.py startViewTracing - No: 18 :--- startViewTracing --- 
2017-08-15 18:13:56,706 [INFO] 28024 /home/desarrollo/Escritorio/src/apps/tvazteca/cabs/tracing/views.py dateTableTracingJSON - No: 28 :--- dateTableTracingJSON --- 
2017-08-15 18:13:56,708 [INFO] 28024 /home/desarrollo/Escritorio/src/apps/tvazteca/cabs/coding/query.py queyTableListWitness - No: 227 :--- CONSULTA SQL --- SELECT ROWNUM AS NO, ID_TESTIGO AS ID, NOMBRE_TESTIGO AS NOMBRE, TIPO_MUX AS MUX FROM LISTA_TESTIGOS WHERE GRUPO_TESTIGOS=21 OR GRUPO_TESTIGOS=22 OR GRUPO_TESTIGOS=23 OR GRUPO_TESTIGOS=24 OR GRUPO_TESTIGOS=25 OR GRUPO_TESTIGOS=26; 
2017-08-15 18:14:01,711 [INFO] 28024 /home/desarrollo/Escritorio/src/apps/tvazteca/cabs/reportwitness/views.py startReportWitness - No: 19 :--- startReportWitness --- 
2017-08-15 18:14:01,713 [INFO] 28024 /home/desarrollo/Escritorio/src/apps/tvazteca/cabs/coding/query.py queryTypeReport - No: 248 :--- CONSULTA SQL --- SELECT * FROM CAT_TIPO_REPORTE; 
2017-08-15 18:14:01,832 [INFO] 28024 /home/desarrollo/Escritorio/src/apps/tvazteca/cabs/coding/query.py queryDataWitness - No: 261 :--- CONSULTA SQL --- SELECT ID_TESTIGO, NOMBRE_TESTIGO, TIPO_MUX FROM LISTA_TESTIGOS WHERE ID_TESTIGO = 901; 
2017-08-15 18:27:00,035 [INFO] 28024 /home/desarrollo/Escritorio/src/apps/tvazteca/cabs/reportwitness/views.py startReportWitness - No: 19 :--- startReportWitness --- 
2017-08-15 18:27:00,037 [INFO] 28024 /home/desarrollo/Escritorio/src/apps/tvazteca/cabs/coding/query.py queryTypeReport - No: 248 :--- CONSULTA SQL --- SELECT * FROM CAT_TIPO_REPORTE; 
2017-08-15 18:27:00,139 [INFO] 28024 /home/desarrollo/Escritorio/src/apps/tvazteca/cabs/coding/query.py queryDataWitness - No: 261 :--- CONSULTA SQL --- SELECT ID_TESTIGO, NOMBRE_TESTIGO, TIPO_MUX FROM LISTA_TESTIGOS WHERE ID_TESTIGO = 901; 
2017-08-15 18:53:08,850 [INFO] 28024 /home/desarrollo/Escritorio/src/apps/tvazteca/cabs/reportwitness/views.py startReportWitness - No: 19 :--- startReportWitness --- 
2017-08-15 18:53:15,622 [INFO] 28024 /home/desarrollo/Escritorio/src/apps/tvazteca/cabs/login/views.py evaluationLogin - No: 29 :--- evaluationLogin --- 
2017-08-15 18:53:15,798 [INFO] 28024 /home/desarrollo/Escritorio/src/apps/tvazteca/cabs/coding/query.py queryInsertBinnacle - No: 191 :--- CONSULTA SQL INSERT --- INSERT INTO BIT_INVENT_TESTIGOS(ID, OPERACION, IP, ID_USUARIO, NAVEGADOR, SO, DATOS) VALUES ('150820171853150001', 4, '127.0.0.1', 1, 3, 6, ''); 
2017-08-15 18:53:16,285 [INFO] 28024 /home/desarrollo/Escritorio/src/apps/tvazteca/cabs/login/views.py evaluationLogin - No: 29 :--- evaluationLogin --- 
2017-08-15 18:53:27,476 [INFO] 28024 /home/desarrollo/Escritorio/src/apps/tvazteca/cabs/login/views.py evaluationLogin - No: 29 :--- evaluationLogin --- 
2017-08-15 18:53:27,548 [INFO] 28024 /home/desarrollo/Escritorio/src/apps/tvazteca/cabs/coding/query.py queryInsertBinnacle - No: 191 :--- CONSULTA SQL INSERT --- INSERT INTO BIT_INVENT_TESTIGOS(ID, OPERACION, IP, ID_USUARIO, NAVEGADOR, SO, DATOS) VALUES ('150820171853270002', 4, '127.0.0.1', 1, 3, 6, ''); 
2017-08-15 18:53:27,997 [INFO] 28024 /home/desarrollo/Escritorio/src/apps/tvazteca/cabs/login/views.py evaluationLogin - No: 29 :--- evaluationLogin --- 
2017-08-15 18:53:34,445 [INFO] 28024 /home/desarrollo/Escritorio/src/apps/tvazteca/cabs/login/views.py evaluationLogin - No: 29 :--- evaluationLogin --- 
2017-08-15 18:53:34,511 [INFO] 28024 /home/desarrollo/Escritorio/src/apps/tvazteca/cabs/coding/query.py queryInsertBinnacle - No: 191 :--- CONSULTA SQL INSERT --- INSERT INTO BIT_INVENT_TESTIGOS(ID, OPERACION, IP, ID_USUARIO, NAVEGADOR, SO, DATOS) VALUES ('150820171853340003', 4, '127.0.0.1', 1, 3, 6, ''); 
2017-08-15 18:53:35,020 [INFO] 28024 /home/desarrollo/Escritorio/src/apps/tvazteca/cabs/login/views.py evaluationLogin - No: 29 :--- evaluationLogin --- 
2017-08-15 18:53:46,844 [INFO] 28024 /home/desarrollo/Escritorio/src/apps/tvazteca/cabs/login/views.py evaluationLogin - No: 29 :--- evaluationLogin --- 
2017-08-15 18:53:46,925 [INFO] 28024 /home/desarrollo/Escritorio/src/apps/tvazteca/cabs/coding/query.py queryDetailsUser - No: 128 :--- CONSULTA SQL --- SELECT ID, NUMERO_EMPLEADO, NOMBRE AS NOMBRE, PERMISOS AS PERMISOS, ACTIVO AS ACTIVO, PERFIL AS PERFIL FROM USUARIOS_SOPORTE_CABS WHERE NUMERO_EMPLEADO = 60054274; 
2017-08-15 18:53:46,972 [INFO] 28024 /home/desarrollo/Escritorio/src/apps/tvazteca/cabs/coding/query.py queryInsertBinnacle - No: 191 :--- CONSULTA SQL INSERT --- INSERT INTO BIT_INVENT_TESTIGOS(ID, OPERACION, IP, ID_USUARIO, NAVEGADOR, SO, DATOS) VALUES ('150820171853460004', 1, '127.0.0.1', 1, 3, 6, ''); 
2017-08-15 18:53:47,185 [INFO] 28024 /home/desarrollo/Escritorio/src/apps/tvazteca/cabs/tracing/views.py startViewTracing - No: 18 :--- startViewTracing --- 
2017-08-15 18:53:47,550 [INFO] 28024 /home/desarrollo/Escritorio/src/apps/tvazteca/cabs/tracing/views.py dateTableTracingJSON - No: 28 :--- dateTableTracingJSON --- 
2017-08-15 18:53:47,553 [INFO] 28024 /home/desarrollo/Escritorio/src/apps/tvazteca/cabs/coding/query.py queyTableListWitness - No: 227 :--- CONSULTA SQL --- SELECT ROWNUM AS NO, ID_TESTIGO AS ID, NOMBRE_TESTIGO AS NOMBRE, TIPO_MUX AS MUX FROM LISTA_TESTIGOS WHERE GRUPO_TESTIGOS=21 OR GRUPO_TESTIGOS=22 OR GRUPO_TESTIGOS=23 OR GRUPO_TESTIGOS=24 OR GRUPO_TESTIGOS=25 OR GRUPO_TESTIGOS=26; 
2017-08-15 18:53:50,546 [INFO] 28024 /home/desarrollo/Escritorio/src/apps/tvazteca/cabs/reportwitness/views.py startReportWitness - No: 19 :--- startReportWitness --- 
2017-08-15 18:53:50,548 [INFO] 28024 /home/desarrollo/Escritorio/src/apps/tvazteca/cabs/coding/query.py queryTypeReport - No: 248 :--- CONSULTA SQL --- SELECT * FROM CAT_TIPO_REPORTE; 
2017-08-15 18:53:50,593 [INFO] 28024 /home/desarrollo/Escritorio/src/apps/tvazteca/cabs/coding/query.py queryDataWitness - No: 261 :--- CONSULTA SQL --- SELECT ID_TESTIGO, NOMBRE_TESTIGO, TIPO_MUX FROM LISTA_TESTIGOS WHERE ID_TESTIGO = 1073; 
2017-08-15 18:54:05,968 [INFO] 28024 /home/desarrollo/Escritorio/src/apps/tvazteca/cabs/reportwitness/views.py listSubReportJSON - No: 36 :--- listSubReportJSON --- 
2017-08-15 18:54:05,970 [INFO] 28024 /home/desarrollo/Escritorio/src/apps/tvazteca/cabs/coding/query.py querySubReport - No: 240 :--- CONSULTA SQL --- SELECT C.ID, C.SUB_REPORTE FROM CAT_REPORTES A, CAT_TIPO_REPORTE B, CAT_SUB_REPORTE C WHERE A.TIPO_REPORTE = B.ID AND A.SUB_REPORTE = C.ID AND A.TIPO_REPORTE = 2; 
2017-08-15 18:54:06,081 [INFO] 28024 /home/desarrollo/Escritorio/src/apps/tvazteca/cabs/reportwitness/views.py listActionReportJSON - No: 58 :--- listActionReportJSON --- 
2017-08-15 18:54:06,085 [INFO] 28024 /home/desarrollo/Escritorio/src/apps/tvazteca/cabs/coding/query.py queryActionReport - No: 274 :--- CONSULTA SQL --- SELECT B.ID, B.ACCION FROM CAT_TIPO_REPORTE A, CAT_ACCIONES B, ACCIONES_REPORTES_TR C WHERE A.ID = C.TIPO_REPORTE AND B.ID = C.ACCION AND A.ID = 2; 
2017-08-15 18:54:08,193 [INFO] 28024 /home/desarrollo/Escritorio/src/apps/tvazteca/cabs/reportwitness/views.py insertReportWitness - No: 80 :--- insertReportWitness --- 
2017-08-15 18:54:08,520 [INFO] 28024 /home/desarrollo/Escritorio/src/apps/tvazteca/cabs/reportwitness/views.py startReportWitness - No: 19 :--- startReportWitness --- 
2017-08-15 18:54:08,522 [INFO] 28024 /home/desarrollo/Escritorio/src/apps/tvazteca/cabs/coding/query.py queryTypeReport - No: 248 :--- CONSULTA SQL --- SELECT * FROM CAT_TIPO_REPORTE; 
2017-08-15 18:54:08,614 [INFO] 28024 /home/desarrollo/Escritorio/src/apps/tvazteca/cabs/coding/query.py queryDataWitness - No: 261 :--- CONSULTA SQL --- SELECT ID_TESTIGO, NOMBRE_TESTIGO, TIPO_MUX FROM LISTA_TESTIGOS WHERE ID_TESTIGO = json_00030; 
2017-08-15 18:54:08,784 [INFO] 28024 /home/desarrollo/Escritorio/src/apps/tvazteca/cabs/reportwitness/views.py insertReportWitness - No: 80 :--- insertReportWitness --- 
2017-08-15 19:34:12,492 [INFO] 28024 /home/desarrollo/Escritorio/src/apps/tvazteca/cabs/reportwitness/views.py startReportWitness - No: 19 :--- startReportWitness --- 
2017-08-15 19:34:22,466 [INFO] 28024 /home/desarrollo/Escritorio/src/apps/tvazteca/cabs/login/views.py evaluationLogin - No: 29 :--- evaluationLogin --- 
2017-08-15 19:34:22,533 [INFO] 28024 /home/desarrollo/Escritorio/src/apps/tvazteca/cabs/coding/query.py queryDetailsUser - No: 128 :--- CONSULTA SQL --- SELECT ID, NUMERO_EMPLEADO, NOMBRE AS NOMBRE, PERMISOS AS PERMISOS, ACTIVO AS ACTIVO, PERFIL AS PERFIL FROM USUARIOS_SOPORTE_CABS WHERE NUMERO_EMPLEADO = 60054274; 
2017-08-15 19:34:22,573 [INFO] 28024 /home/desarrollo/Escritorio/src/apps/tvazteca/cabs/coding/query.py queryInsertBinnacle - No: 191 :--- CONSULTA SQL INSERT --- INSERT INTO BIT_INVENT_TESTIGOS(ID, OPERACION, IP, ID_USUARIO, NAVEGADOR, SO, DATOS) VALUES ('150820171934220001', 1, '127.0.0.1', 1, 3, 6, ''); 
2017-08-15 19:34:22,724 [INFO] 28024 /home/desarrollo/Escritorio/src/apps/tvazteca/cabs/tracing/views.py startViewTracing - No: 18 :--- startViewTracing --- 
2017-08-15 19:34:23,051 [INFO] 28024 /home/desarrollo/Escritorio/src/apps/tvazteca/cabs/tracing/views.py dateTableTracingJSON - No: 28 :--- dateTableTracingJSON --- 
2017-08-15 19:34:23,053 [INFO] 28024 /home/desarrollo/Escritorio/src/apps/tvazteca/cabs/coding/query.py queyTableListWitness - No: 227 :--- CONSULTA SQL --- SELECT ROWNUM AS NO, ID_TESTIGO AS ID, NOMBRE_TESTIGO AS NOMBRE, TIPO_MUX AS MUX FROM LISTA_TESTIGOS WHERE GRUPO_TESTIGOS=21 OR GRUPO_TESTIGOS=22 OR GRUPO_TESTIGOS=23 OR GRUPO_TESTIGOS=24 OR GRUPO_TESTIGOS=25 OR GRUPO_TESTIGOS=26; 
2017-08-15 19:35:36,084 [INFO] 28378 /home/desarrollo/Escritorio/src/apps/tvazteca/cabs/tracing/views.py startViewTracing - No: 18 :--- startViewTracing --- 
2017-08-15 19:35:36,398 [INFO] 28378 /home/desarrollo/Escritorio/src/apps/tvazteca/cabs/tracing/views.py dateTableTracingJSON - No: 28 :--- dateTableTracingJSON --- 
2017-08-15 19:35:36,400 [INFO] 28378 /home/desarrollo/Escritorio/src/apps/tvazteca/cabs/coding/query.py queyTableListWitness - No: 227 :--- CONSULTA SQL --- SELECT ROWNUM AS NO, ID_TESTIGO AS ID, NOMBRE_TESTIGO AS NOMBRE, TIPO_MUX AS MUX FROM LISTA_TESTIGOS WHERE GRUPO_TESTIGOS=21 OR GRUPO_TESTIGOS=22 OR GRUPO_TESTIGOS=23 OR GRUPO_TESTIGOS=24 OR GRUPO_TESTIGOS=25 OR GRUPO_TESTIGOS=26; 
2017-08-15 19:35:38,238 [INFO] 28378 /home/desarrollo/Escritorio/src/apps/tvazteca/cabs/reportwitness/views.py startReportWitness - No: 19 :--- startReportWitness --- 
2017-08-15 19:35:38,243 [INFO] 28378 /home/desarrollo/Escritorio/src/apps/tvazteca/cabs/coding/query.py queryTypeReport - No: 248 :--- CONSULTA SQL --- SELECT * FROM CAT_TIPO_REPORTE; 
2017-08-15 19:35:38,314 [INFO] 28378 /home/desarrollo/Escritorio/src/apps/tvazteca/cabs/coding/query.py queryDataWitness - No: 261 :--- CONSULTA SQL --- SELECT ID_TESTIGO, NOMBRE_TESTIGO, TIPO_MUX FROM LISTA_TESTIGOS WHERE ID_TESTIGO = 609; 
2017-08-15 19:35:40,129 [INFO] 28378 /home/desarrollo/Escritorio/src/apps/tvazteca/cabs/reportwitness/views.py listSubReportJSON - No: 36 :--- listSubReportJSON --- 
2017-08-15 19:35:40,131 [INFO] 28378 /home/desarrollo/Escritorio/src/apps/tvazteca/cabs/coding/query.py querySubReport - No: 240 :--- CONSULTA SQL --- SELECT C.ID, C.SUB_REPORTE FROM CAT_REPORTES A, CAT_TIPO_REPORTE B, CAT_SUB_REPORTE C WHERE A.TIPO_REPORTE = B.ID AND A.SUB_REPORTE = C.ID AND A.TIPO_REPORTE = 1; 
2017-08-15 19:35:40,210 [INFO] 28378 /home/desarrollo/Escritorio/src/apps/tvazteca/cabs/reportwitness/views.py listActionReportJSON - No: 58 :--- listActionReportJSON --- 
2017-08-15 19:35:40,212 [INFO] 28378 /home/desarrollo/Escritorio/src/apps/tvazteca/cabs/coding/query.py queryActionReport - No: 274 :--- CONSULTA SQL --- SELECT B.ID, B.ACCION FROM CAT_TIPO_REPORTE A, CAT_ACCIONES B, ACCIONES_REPORTES_TR C WHERE A.ID = C.TIPO_REPORTE AND B.ID = C.ACCION AND A.ID = 1; 
2017-08-15 19:35:41,880 [INFO] 28378 /home/desarrollo/Escritorio/src/apps/tvazteca/cabs/reportwitness/views.py insertReportWitness - No: 80 :--- insertReportWitness --- 
2017-08-15 19:35:41,896 [INFO] 28378 /home/desarrollo/Escritorio/src/apps/tvazteca/cabs/tracing/views.py startViewTracing - No: 18 :--- startViewTracing --- 
2017-08-15 19:35:42,209 [INFO] 28378 /home/desarrollo/Escritorio/src/apps/tvazteca/cabs/tracing/views.py dateTableTracingJSON - No: 28 :--- dateTableTracingJSON --- 
2017-08-15 19:35:42,211 [INFO] 28378 /home/desarrollo/Escritorio/src/apps/tvazteca/cabs/coding/query.py queyTableListWitness - No: 227 :--- CONSULTA SQL --- SELECT ROWNUM AS NO, ID_TESTIGO AS ID, NOMBRE_TESTIGO AS NOMBRE, TIPO_MUX AS MUX FROM LISTA_TESTIGOS WHERE GRUPO_TESTIGOS=21 OR GRUPO_TESTIGOS=22 OR GRUPO_TESTIGOS=23 OR GRUPO_TESTIGOS=24 OR GRUPO_TESTIGOS=25 OR GRUPO_TESTIGOS=26; 
